Arguments: 
  /usr/local/bin/node /usr/local/bin/yarn add express

PATH: 
  /usr/local/sbin:/usr/local/bin:/usr/sbin:/usr/bin:/sbin:/bin:/usr/games:/usr/local/games:/snap/bin

Yarn version: 
  1.13.0

Node version: 
  11.12.0

Platform: 
  linux x64

Trace: 
  Error: getaddrinfo ENOTFOUND registry.yarnpkg.com registry.yarnpkg.com:443
      at GetAddrInfoReqWrap.onlookup [as oncomplete] (dns.js:58:26)

npm manifest: 
  {
    "name": "backend",
    "version": "1.0.0",
    "description": "",
    "main": "index.js",
    "scripts": {
      "test": "echo \"Error: no test specified\" && exit 1"
    },
    "repository": {
      "type": "git",
      "url": "git+https://github.com/owans/timeoff-fullstack.git"
    },
    "author": "Owanate Amachree",
    "license": "ISC",
    "bugs": {
      "url": "https://github.com/owans/timeoff-fullstack/issues"
    },
    "homepage": "https://github.com/owans/timeoff-fullstack#readme"
  }

yarn manifest: 
  No manifest

Lockfile: 
  No lockfile
